<?xml version="1.0" encoding="UTF-8"?>
<!-- Generated by org.testng.reporters.JUnitReportReporter -->
<testsuite hostname="KOKACHI" failures="0" tests="4" name="com.NGpoiRunner.NG_POI_RUNNER" time="21.996" errors="0" timestamp="2022-12-06T14:22:07 IST" skipped="3">
  <testcase classname="com.NGpoiRunner.NG_POI_RUNNER" name="vrun" time="21.996"/>
  <system-out/>
  <testcase classname="com.NGpoiRunner.NG_POI_RUNNER" name="illrun">
    <skipped/>
  </testcase> <!-- illrun -->
  <system-out/>
  <testcase classname="com.NGpoiRunner.NG_POI_RUNNER" name="inrun">
    <skipped/>
  </testcase> <!-- inrun -->
  <system-out/>
  <testcase classname="com.NGpoiRunner.NG_POI_RUNNER" name="nrun">
    <skipped/>
  </testcase> <!-- nrun -->
  <system-out/>
</testsuite> <!-- com.NGpoiRunner.NG_POI_RUNNER -->
